<?xml version="1.0" encoding="UTF-8"?>
<!-- Generated by org.testng.reporters.JUnitReportReporter -->
<testsuite skipped="0" hostname="Rana-pc45" name="com.dbs.test.dbwHomePageTest" tests="1" failures="0" timestamp="11 Oct 2020 06:26:10 GMT" time="2.016" errors="0">
  <testcase name="Open_DWS_HomePage" time="2.016" classname="com.dbs.test.dbwHomePageTest"/>
</testsuite> <!-- com.dbs.test.dbwHomePageTest -->
