<?xml version="1.0" encoding="UTF-8"?>
<!-- Generated by org.testng.reporters.JUnitReportReporter -->
<testsuite skipped="0" hostname="Rana-pc45" name="com.dbs.test.dbwLoginPageTest" tests="2" failures="0" timestamp="11 Oct 2020 06:26:10 GMT" time="2.385" errors="0">
  <testcase name="setToLoginPage" time="0.500" classname="com.dbs.test.dbwLoginPageTest"/>
  <testcase name="LoginPage" time="1.885" classname="com.dbs.test.dbwLoginPageTest"/>
</testsuite> <!-- com.dbs.test.dbwLoginPageTest -->
