<?xml version="1.0" encoding="UTF-8"?>
<!-- Generated by org.testng.reporters.JUnitReportReporter -->
<testsuite skipped="0" hostname="Rana-pc45" name="com.dbs.test.dbwOrderCreationTest" tests="1" failures="0" timestamp="11 Oct 2020 06:25:16 GMT" time="9.815" errors="0">
  <testcase name="Process" time="9.815" classname="com.dbs.test.dbwOrderCreationTest"/>
</testsuite> <!-- com.dbs.test.dbwOrderCreationTest -->
